2023-04-20 12:43:14,644 [Worker-6: Loading available Gradle versions] INFO  o.e.b.c.i.u.g.PublishedGradleVersions - Gradle version information cache is up-to-date. Trying to read.
2023-04-20 12:45:08,207 [Worker-2: Import Getting Started Content] INFO  o.e.m.c.i.l.LifecycleMappingFactory - Using org.eclipse.m2e.jdt.JarLifecycleMapping lifecycle mapping for MavenProject: com.example:DayOne:0.0.1-SNAPSHOT @ C:\Users\v3243\OneDrive\Desktop\SpringOne\DayOne\pom.xml.
2023-04-20 12:45:09,185 [Worker-2: Import Getting Started Content] INFO  o.e.m.j.i.AbstractJavaProjectConfigurator - Adding source folder /DayOne/src/main/java
2023-04-20 12:45:09,186 [Worker-2: Import Getting Started Content] INFO  o.e.m.j.i.AbstractJavaProjectConfigurator - Adding resource folder /DayOne/src/main/resources
2023-04-20 12:45:09,193 [Worker-2: Import Getting Started Content] INFO  o.e.m.j.i.AbstractJavaProjectConfigurator - Adding resource folder /DayOne/src/main/resources
2023-04-20 12:45:09,203 [Worker-2: Import Getting Started Content] INFO  o.e.m.j.i.AbstractJavaProjectConfigurator - Adding source folder /DayOne/src/test/java
2023-04-20 12:45:10,627 [Worker-2: Import Getting Started Content] INFO  o.e.m.c.i.p.ProjectConfigurationManager - Imported and configured 1 project(s) in 3 sec
2023-04-20 12:45:10,636 [Worker-2: Import Getting Started Content] INFO  o.e.m.c.i.p.ProjectConfigurationManager - Update started
2023-04-20 12:45:11,089 [Worker-2: Import Getting Started Content] INFO  o.e.m.c.i.l.LifecycleMappingFactory - Using org.eclipse.m2e.jdt.JarLifecycleMapping lifecycle mapping for MavenProject: com.example:DayOne:0.0.1-SNAPSHOT @ C:\Users\v3243\OneDrive\Desktop\SpringOne\DayOne\pom.xml.
2023-04-20 12:45:11,786 [Worker-2: Import Getting Started Content] INFO  o.e.m.j.i.AbstractJavaProjectConfigurator - Adding source folder /DayOne/src/main/java
2023-04-20 12:45:11,787 [Worker-2: Import Getting Started Content] INFO  o.e.m.j.i.AbstractJavaProjectConfigurator - Adding resource folder /DayOne/src/main/resources
2023-04-20 12:45:11,788 [Worker-2: Import Getting Started Content] INFO  o.e.m.j.i.AbstractJavaProjectConfigurator - Adding resource folder /DayOne/src/main/resources
2023-04-20 12:45:11,790 [Worker-2: Import Getting Started Content] INFO  o.e.m.j.i.AbstractJavaProjectConfigurator - Adding source folder /DayOne/src/test/java
2023-04-20 12:45:12,622 [Worker-2: Import Getting Started Content] INFO  o.e.m.c.i.p.ProjectConfigurationManager - Update completed for 1 poms: local refresh takes 0.00 sec, refresh facades takes 1.00 sec, update config takes 0.00 sec 
2023-04-20 15:41:24,660 [Worker-20: Building] INFO  o.e.m.c.i.l.LifecycleMappingFactory - Using org.eclipse.m2e.jdt.JarLifecycleMapping lifecycle mapping for MavenProject: com.example:DayOneIntroduction:0.0.1-SNAPSHOT @ C:\Users\v3243\Documents\workspace-spring-tool-suite-4-4.17.2.RELEASE\DayOneIntroduction\pom.xml.
2023-04-20 15:41:29,318 [Worker-20: Building] INFO  o.a.m.s.f.DefaultMavenResourcesFiltering - Copying 1 resource
2023-04-20 15:41:29,352 [Worker-20: Building] INFO  o.a.m.s.f.DefaultMavenResourcesFiltering - Copying 0 resource
2023-04-20 15:41:29,358 [Worker-20: Building] INFO  o.a.m.s.f.DefaultMavenResourcesFiltering - skip non existing resourceDirectory C:\Users\v3243\Documents\workspace-spring-tool-suite-4-4.17.2.RELEASE\DayOneIntroduction\src\test\resources
2023-04-20 15:41:30,324 [Worker-22: Updating Maven Dependencies] INFO  o.e.m.c.i.l.LifecycleMappingFactory - Using org.eclipse.m2e.jdt.JarLifecycleMapping lifecycle mapping for MavenProject: com.example:DayOneIntroduction:0.0.1-SNAPSHOT @ C:\Users\v3243\Documents\workspace-spring-tool-suite-4-4.17.2.RELEASE\DayOneIntroduction\pom.xml.
2023-04-20 15:41:31,160 [Worker-22: Building] INFO  o.a.m.s.f.DefaultMavenResourcesFiltering - Copying 1 resource
2023-04-20 15:41:31,176 [Worker-22: Building] INFO  o.a.m.s.f.DefaultMavenResourcesFiltering - Copying 0 resource
2023-04-20 15:41:31,182 [Worker-22: Building] INFO  o.a.m.s.f.DefaultMavenResourcesFiltering - skip non existing resourceDirectory C:\Users\v3243\Documents\workspace-spring-tool-suite-4-4.17.2.RELEASE\DayOneIntroduction\src\test\resources
